<?xml version="1.0" encoding="UTF-8"?>
<testsuite xmlns:xsi="http://www.w3.org/2001/XMLSchema-instance" xsi:noNamespaceSchemaLocation="https://maven.apache.org/surefire/maven-surefire-plugin/xsd/surefire-test-report.xsd" version="3.0.2" name="com.cc.storage.StorageManagementMicroserviceApplicationTests" time="9.763" tests="1" errors="0" skipped="0" failures="0">
  <properties>
[...]
</properties>
  <testcase name="contextLoads" classname="com.cc.storage.StorageManagementMicroserviceApplicationTests" time="1.564">
    <system-out><![CDATA[23:25:15.536 [main] INFO org.springframework.test.context.support.AnnotationConfigContextLoaderUtils -- Could not detect default configuration classes for test class [com.cc.storage.StorageManagementMicroserviceApplicationTests]: StorageManagementMicroserviceApplicationTests does not declare any static, non-private, non-final, nested classes annotated with @Configuration.
23:25:15.794 [main] INFO org.springframework.boot.test.context.SpringBootTestContextBootstrapper -- Found @SpringBootConfiguration com.cc.storage.StorageManagementMicroserviceApplication for test class com.cc.storage.StorageManagementMicroserviceApplicationTests

  .   ____          _            __ _ _
 /\\ / ___'_ __ _ _(_)_ __  __ _ \ \ \ \
( ( )\___ | '_ | '_| | '_ \/ _` | \ \ \ \
 \\/  ___)| |_)| | | | | || (_| |  ) ) ) )
  '  |____| .__|_| |_|_| |_\__, | / / / /
 =========|_|==============|___/=/_/_/_/

 :: Spring Boot ::                (v3.4.0)

2024-12-27T23:25:16.878+05:00  INFO 462547 --- [Storage Management Microservice] [           main] geManagementMicroserviceApplicationTests : Starting StorageManagementMicroserviceApplicationTests using Java 21.0.5 with PID 462547 (started by haris in /home/haris/Documents/CC Project/Streamr/StorageMgmtServ)
2024-12-27T23:25:16.882+05:00  INFO 462547 --- [Storage Management Microservice] [           main] geManagementMicroserviceApplicationTests : No active profile set, falling back to 1 default profile: "default"
2024-12-27T23:25:18.762+05:00  INFO 462547 --- [Storage Management Microservice] [           main] .s.d.r.c.RepositoryConfigurationDelegate : Bootstrapping Spring Data MongoDB repositories in DEFAULT mode.
2024-12-27T23:25:18.897+05:00  INFO 462547 --- [Storage Management Microservice] [           main] .s.d.r.c.RepositoryConfigurationDelegate : Finished Spring Data repository scanning in 122 ms. Found 1 MongoDB repository interface.
2024-12-27T23:25:20.425+05:00  INFO 462547 --- [Storage Management Microservice] [e0q.mongodb.net] org.mongodb.driver.cluster               : Adding discovered server cluster0-shard-00-00.ise0q.mongodb.net:27017 to client view of cluster
2024-12-27T23:25:20.436+05:00  INFO 462547 --- [Storage Management Microservice] [           main] org.mongodb.driver.client                : MongoClient with metadata {"driver": {"name": "mongo-java-driver|sync|spring-boot", "version": "5.2.1"}, "os": {"type": "Linux", "name": "Linux", "architecture": "amd64", "version": "6.8.0-50-generic"}, "platform": "Java/Ubuntu/21.0.5+11-Ubuntu-1ubuntu124.04"} created with settings MongoClientSettings{readPreference=primary, writeConcern=WriteConcern{w=null, wTimeout=null ms, journal=null}, retryWrites=true, retryReads=true, readConcern=ReadConcern{level=null}, credential=MongoCredential{mechanism=null, userName='harischishti28', source='admin', password=<hidden>, mechanismProperties=<hidden>}, transportSettings=null, commandListeners=[], codecRegistry=ProvidersCodecRegistry{codecProviders=[ValueCodecProvider{}, BsonValueCodecProvider{}, DBRefCodecProvider{}, DBObjectCodecProvider{}, DocumentCodecProvider{}, CollectionCodecProvider{}, IterableCodecProvider{}, MapCodecProvider{}, GeoJsonCodecProvider{}, GridFSFileCodecProvider{}, Jsr310CodecProvider{}, JsonObjectCodecProvider{}, BsonCodecProvider{}, EnumCodecProvider{}, com.mongodb.client.model.mql.ExpressionCodecProvider@42c12b3e, com.mongodb.Jep395RecordCodecProvider@2dbfa972, com.mongodb.KotlinCodecProvider@46f73ffa]}, loggerSettings=LoggerSettings{maxDocumentLength=1000}, clusterSettings={hosts=[127.0.0.1:27017], srvHost=cluster0.ise0q.mongodb.net, srvServiceName=mongodb, mode=MULTIPLE, requiredClusterType=REPLICA_SET, requiredReplicaSetName='atlas-864ktc-shard-0', serverSelector='null', clusterListeners='[]', serverSelectionTimeout='30000 ms', localThreshold='15 ms'}, socketSettings=SocketSettings{connectTimeoutMS=10000, readTimeoutMS=0, receiveBufferSize=0, proxySettings=ProxySettings{host=null, port=null, username=null, password=null}}, heartbeatSocketSettings=SocketSettings{connectTimeoutMS=10000, readTimeoutMS=10000, receiveBufferSize=0, proxySettings=ProxySettings{host=null, port=null, username=null, password=null}}, connectionPoolSettings=ConnectionPoolSettings{maxSize=100, minSize=0, maxWaitTimeMS=120000, maxConnectionLifeTimeMS=0, maxConnectionIdleTimeMS=0, maintenanceInitialDelayMS=0, maintenanceFrequencyMS=60000, connectionPoolListeners=[], maxConnecting=2}, serverSettings=ServerSettings{heartbeatFrequencyMS=10000, minHeartbeatFrequencyMS=500, serverMonitoringMode=AUTO, serverListeners='[]', serverMonitorListeners='[]'}, sslSettings=SslSettings{enabled=true, invalidHostNameAllowed=false, context=null}, applicationName='null', compressorList=[], uuidRepresentation=JAVA_LEGACY, serverApi=null, autoEncryptionSettings=null, dnsClient=null, inetAddressResolver=null, contextProvider=null, timeoutMS=null}
2024-12-27T23:25:20.621+05:00  INFO 462547 --- [Storage Management Microservice] [e0q.mongodb.net] org.mongodb.driver.cluster               : Adding discovered server cluster0-shard-00-01.ise0q.mongodb.net:27017 to client view of cluster
2024-12-27T23:25:20.645+05:00  INFO 462547 --- [Storage Management Microservice] [e0q.mongodb.net] org.mongodb.driver.cluster               : Adding discovered server cluster0-shard-00-02.ise0q.mongodb.net:27017 to client view of cluster
2024-12-27T23:25:22.352+05:00  INFO 462547 --- [Storage Management Microservice] [ngodb.net:27017] org.mongodb.driver.cluster               : Monitor thread successfully connected to server with description ServerDescription{address=cluster0-shard-00-00.ise0q.mongodb.net:27017, type=REPLICA_SET_SECONDARY, cryptd=false, state=CONNECTED, ok=true, minWireVersion=0, maxWireVersion=25, maxDocumentSize=16777216, logicalSessionTimeoutMinutes=30, roundTripTimeNanos=834903508, minRoundTripTimeNanos=0, setName='atlas-864ktc-shard-0', canonicalAddress=cluster0-shard-00-00.ise0q.mongodb.net:27017, hosts=[cluster0-shard-00-00.ise0q.mongodb.net:27017, cluster0-shard-00-01.ise0q.mongodb.net:27017, cluster0-shard-00-02.ise0q.mongodb.net:27017], passives=[], arbiters=[], primary='cluster0-shard-00-01.ise0q.mongodb.net:27017', tagSet=TagSet{[Tag{name='availabilityZone', value='aps1-az1'}, Tag{name='diskState', value='READY'}, Tag{name='nodeType', value='ELECTABLE'}, Tag{name='provider', value='AWS'}, Tag{name='region', value='AP_SOUTH_1'}, Tag{name='workloadType', value='OPERATIONAL'}]}, electionId=null, setVersion=267, topologyVersion=TopologyVersion{processId=675afb599ff1cef88371495b, counter=4}, lastWriteDate=Fri Dec 27 23:25:22 PKT 2024, lastUpdateTimeNanos=267039233872782}
2024-12-27T23:25:22.365+05:00  INFO 462547 --- [Storage Management Microservice] [ngodb.net:27017] org.mongodb.driver.cluster               : Monitor thread successfully connected to server with description ServerDescription{address=cluster0-shard-00-02.ise0q.mongodb.net:27017, type=REPLICA_SET_SECONDARY, cryptd=false, state=CONNECTED, ok=true, minWireVersion=0, maxWireVersion=25, maxDocumentSize=16777216, logicalSessionTimeoutMinutes=30, roundTripTimeNanos=862715660, minRoundTripTimeNanos=0, setName='atlas-864ktc-shard-0', canonicalAddress=cluster0-shard-00-02.ise0q.mongodb.net:27017, hosts=[cluster0-shard-00-00.ise0q.mongodb.net:27017, cluster0-shard-00-01.ise0q.mongodb.net:27017, cluster0-shard-00-02.ise0q.mongodb.net:27017], passives=[], arbiters=[], primary='cluster0-shard-00-01.ise0q.mongodb.net:27017', tagSet=TagSet{[Tag{name='availabilityZone', value='aps1-az2'}, Tag{name='diskState', value='READY'}, Tag{name='nodeType', value='ELECTABLE'}, Tag{name='provider', value='AWS'}, Tag{name='region', value='AP_SOUTH_1'}, Tag{name='workloadType', value='OPERATIONAL'}]}, electionId=null, setVersion=267, topologyVersion=TopologyVersion{processId=675afbe6449717093f0591ae, counter=3}, lastWriteDate=Fri Dec 27 23:25:22 PKT 2024, lastUpdateTimeNanos=267039250756729}
2024-12-27T23:25:22.381+05:00  INFO 462547 --- [Storage Management Microservice] [ngodb.net:27017] org.mongodb.driver.cluster               : Monitor thread successfully connected to server with description ServerDescription{address=cluster0-shard-00-01.ise0q.mongodb.net:27017, type=REPLICA_SET_PRIMARY, cryptd=false, state=CONNECTED, ok=true, minWireVersion=0, maxWireVersion=25, maxDocumentSize=16777216, logicalSessionTimeoutMinutes=30, roundTripTimeNanos=867402736, minRoundTripTimeNanos=0, setName='atlas-864ktc-shard-0', canonicalAddress=cluster0-shard-00-01.ise0q.mongodb.net:27017, hosts=[cluster0-shard-00-00.ise0q.mongodb.net:27017, cluster0-shard-00-01.ise0q.mongodb.net:27017, cluster0-shard-00-02.ise0q.mongodb.net:27017], passives=[], arbiters=[], primary='cluster0-shard-00-01.ise0q.mongodb.net:27017', tagSet=TagSet{[Tag{name='availabilityZone', value='aps1-az3'}, Tag{name='diskState', value='READY'}, Tag{name='nodeType', value='ELECTABLE'}, Tag{name='provider', value='AWS'}, Tag{name='region', value='AP_SOUTH_1'}, Tag{name='workloadType', value='OPERATIONAL'}]}, electionId=7fffffff0000000000000348, setVersion=267, topologyVersion=TopologyVersion{processId=675afb9fb1b2bce157b103a4, counter=6}, lastWriteDate=Fri Dec 27 23:25:22 PKT 2024, lastUpdateTimeNanos=267039255384129}
2024-12-27T23:25:22.400+05:00  INFO 462547 --- [Storage Management Microservice] [ngodb.net:27017] org.mongodb.driver.cluster               : Discovered replica set primary cluster0-shard-00-01.ise0q.mongodb.net:27017 with max election id 7fffffff0000000000000348 and max set version 267
2024-12-27T23:25:23.316+05:00  INFO 462547 --- [Storage Management Microservice] [           main] geManagementMicroserviceApplicationTests : Started StorageManagementMicroserviceApplicationTests in 7.21 seconds (process running for 9.465)
]]></system-out>
    <system-err><![CDATA[Mockito is currently self-attaching to enable the inline-mock-maker. This will no longer work in future releases of the JDK. Please add Mockito as an agent to your build what is described in Mockito's documentation: https://javadoc.io/doc/org.mockito/mockito-core/latest/org/mockito/Mockito.html#0.3
WARNING: A Java agent has been loaded dynamically (/home/haris/.m2/repository/net/bytebuddy/byte-buddy-agent/1.15.10/byte-buddy-agent-1.15.10.jar)
WARNING: If a serviceability tool is in use, please run with -XX:+EnableDynamicAgentLoading to hide this warning
WARNING: If a serviceability tool is not in use, please run with -Djdk.instrument.traceUsage for more information
WARNING: Dynamic loading of agents will be disallowed by default in a future release
]]></system-err>
  </testcase>
</testsuite>